Running pred_bert_large.py...
Epoch 1, Loss: 0.8675605521202088
Epoch 2, Loss: 0.748406531214714
Epoch 3, Loss: 0.7120275239944458
Epoch 4, Loss: 0.6968887164592743
Epoch 5, Loss: 0.6852598478794097
Epoch 6, Loss: 0.6746647704839707
Epoch 7, Loss: 0.6712402074337006
Epoch 8, Loss: 0.6638263807296753
Epoch 9, Loss: 0.6632144117355346
Epoch 10, Loss: 0.6645946633815766
Epoch 11, Loss: 0.6536661677360535
Epoch 12, Loss: 0.654735704779625
Epoch 13, Loss: 0.651357078075409
Epoch 14, Loss: 0.6511620240211486
Epoch 15, Loss: 0.6469569149017333
Epoch 16, Loss: 0.6449405819177627
Epoch 17, Loss: 0.6420502024888992
Epoch 18, Loss: 0.6429982807636261
Epoch 19, Loss: 0.6460843672156333
Epoch 20, Loss: 0.6472154961824417
Epoch 21, Loss: 0.6389953583478928
Epoch 22, Loss: 0.6349003356695175
Epoch 23, Loss: 0.6431759562492371
Epoch 24, Loss: 0.6414211360216141
Epoch 25, Loss: 0.6395992579460144
Epoch 26, Loss: 0.6334641184210777
Epoch 27, Loss: 0.6332170946598052
Epoch 28, Loss: 0.6398324803113937
Epoch 29, Loss: 0.6338282757997513
Epoch 30, Loss: 0.6338929730057716
Epoch 31, Loss: 0.6281736751198769
Epoch 32, Loss: 0.6326518450975418
Epoch 33, Loss: 0.6250472038984298
Epoch 34, Loss: 0.630918181180954
Epoch 35, Loss: 0.6278506901860237
Epoch 36, Loss: 0.6293576490879059
Epoch 37, Loss: 0.6314355977773667
Epoch 38, Loss: 0.6262127285003662
Epoch 39, Loss: 0.6318446159958839
Epoch 40, Loss: 0.6273361827731132
Epoch 41, Loss: 0.625536505818367
Epoch 42, Loss: 0.6263850552439689
Epoch 43, Loss: 0.6263528960943222
Epoch 44, Loss: 0.6267155071496964
Epoch 45, Loss: 0.6242289816141129
Epoch 46, Loss: 0.6235114197731018
Epoch 47, Loss: 0.6226676409244537
Epoch 48, Loss: 0.6247821259498596
Epoch 49, Loss: 0.6242057161331177
Epoch 50, Loss: 0.6205552839040757
--- ALBERT-Large Model ---
               precision    recall  f1-score   support

    CANCELLED       1.00      0.48      0.65       122
    COMPLETED       0.79      0.99      0.88      1492
       FAILED       0.83      0.14      0.25       311
    NODE_FAIL       0.00      0.00      0.00         2
OUT_OF_MEMORY       0.00      0.00      0.00        18
     REQUEUED       0.00      0.00      0.00         1
      TIMEOUT       0.83      0.09      0.17        54

     accuracy                           0.80      2000
    macro avg       0.49      0.25      0.28      2000
 weighted avg       0.80      0.80      0.74      2000

Accuracy: 0.80
Precision: 0.80
Recall: 0.80
F1-score: 0.74
AUC-ROC: 0.78
Script execution completed.
