Running pred_rb_large.py...
Epoch 1, Loss: 1.5575067822933197
Epoch 2, Loss: 0.9233487312793731
Epoch 3, Loss: 0.8567913521528244
Epoch 4, Loss: 0.8250505627393723
Epoch 5, Loss: 0.7875112463235855
Epoch 6, Loss: 0.7560351996421814
Epoch 7, Loss: 0.7334851251840592
Epoch 8, Loss: 0.7162809991836547
Epoch 9, Loss: 0.6914808721542358
Epoch 10, Loss: 0.6931355553865433
Epoch 11, Loss: 0.6892867550849915
Epoch 12, Loss: 0.6814257951974869
Epoch 13, Loss: 0.6741827847957611
Epoch 14, Loss: 0.6770663168430329
Epoch 15, Loss: 0.6692883740663529
Epoch 16, Loss: 0.6651175754070282
Epoch 17, Loss: 0.6658838741779327
Epoch 18, Loss: 0.6657957026958465
Epoch 19, Loss: 0.6642571583986282
Epoch 20, Loss: 0.6577972980737686
Epoch 21, Loss: 0.6596192244291306
Epoch 22, Loss: 0.6548305413126946
Epoch 23, Loss: 0.652274181842804
Epoch 24, Loss: 0.6487976033687591
Epoch 25, Loss: 0.6477445174455643
Epoch 26, Loss: 0.6490255323648453
Epoch 27, Loss: 0.6535596780776978
Epoch 28, Loss: 0.646525653719902
Epoch 29, Loss: 0.6467896491289139
Epoch 30, Loss: 0.6471185603141785
Epoch 31, Loss: 0.6481131250858307
Epoch 32, Loss: 0.6405960861444473
Epoch 33, Loss: 0.6467410467863083
Epoch 34, Loss: 0.6424128322601318
Epoch 35, Loss: 0.6405632334947586
Epoch 36, Loss: 0.6413584666252137
Epoch 37, Loss: 0.6413901158571244
Epoch 38, Loss: 0.6385117690563202
Epoch 39, Loss: 0.6427945737838745
Epoch 40, Loss: 0.6413729283809662
Epoch 41, Loss: 0.6441347690224648
Epoch 42, Loss: 0.6412122333645821
Epoch 43, Loss: 0.6377192604541778
Epoch 44, Loss: 0.6411602404117585
Epoch 45, Loss: 0.6440738056898117
Epoch 46, Loss: 0.6419039796590805
Epoch 47, Loss: 0.6353137216567993
Epoch 48, Loss: 0.6411725473403931
Epoch 49, Loss: 0.6420771037340164
Epoch 50, Loss: 0.6389309296011925
--- RoBERTa-Base Model ---
               precision    recall  f1-score   support

    CANCELLED       1.00      0.50      0.67       122
    COMPLETED       0.82      0.97      0.89      1492
       FAILED       0.69      0.38      0.49       311
    NODE_FAIL       0.00      0.00      0.00         2
OUT_OF_MEMORY       0.00      0.00      0.00        18
     REQUEUED       0.00      0.00      0.00         1
      TIMEOUT       0.83      0.09      0.17        54

     accuracy                           0.81      2000
    macro avg       0.48      0.28      0.32      2000
 weighted avg       0.80      0.81      0.78      2000

Accuracy: 0.81
Precision: 0.80
Recall: 0.81
F1-score: 0.78
AUC-ROC: 0.80
Script execution completed.
